INFO:sim:172 - Generating IP...
Applying current project options...
Finished applying current project options.
Resolving generics for 'DCM_GMII'...
WARNING:sim - A core named 'DCM_GMII' already exists in the project. Output
   products for this core may be overwritten.
Applying external generics to 'DCM_GMII'...
Delivering associated files for 'DCM_GMII'...
WARNING:sim - Component clk_wiz_v3_6 does not have a valid model name for
   Verilog synthesis
Delivering EJava files for 'DCM_GMII'...
Delivered 3 files into directory
C:/Users/CTA_PC/Desktop/Firmware/dragonHDL_V5/20171023_hdl_dv5_3_00_02/CoreGen/t
mp/_cg/DCM_GMII
Delivered 1 file into directory
C:/Users/CTA_PC/Desktop/Firmware/dragonHDL_V5/20171023_hdl_dv5_3_00_02/CoreGen/t
mp/_cg/DCM_GMII
Generating ASY schematic symbol...
Loading device for application Rf_Device from file '6slx100.nph' in environment
C:\Xilinx\14.7\ISE_DS\ISE\.
INFO:sim:949 - Finished generation of ASY schematic symbol.
Generating SYM schematic symbol for 'DCM_GMII'...
Generating ISE project...
XCO file found: DCM_GMII.xco
XMDF file found: DCM_GMII_xmdf.tcl
Adding
C:/Users/CTA_PC/Desktop/Firmware/dragonHDL_V5/20171023_hdl_dv5_3_00_02/CoreGen/t
mp/_cg/DCM_GMII.asy -view all -origin_type imported
Adding
C:/Users/CTA_PC/Desktop/Firmware/dragonHDL_V5/20171023_hdl_dv5_3_00_02/CoreGen/t
mp/_cg/DCM_GMII.ucf -view all -origin_type created
Adding
C:/Users/CTA_PC/Desktop/Firmware/dragonHDL_V5/20171023_hdl_dv5_3_00_02/CoreGen/t
mp/_cg/DCM_GMII.v -view all -origin_type created
INFO:HDLCompiler:1845 - Analyzing Verilog file
   "C:/Users/CTA_PC/Desktop/Firmware/dragonHDL_V5/20171023_hdl_dv5_3_00_02/CoreG
   en/tmp/_cg/DCM_GMII.v" into library work
INFO:ProjectMgmt - Parsing design hierarchy completed successfully.
Adding
C:/Users/CTA_PC/Desktop/Firmware/dragonHDL_V5/20171023_hdl_dv5_3_00_02/CoreGen/t
mp/_cg/DCM_GMII.veo -view all -origin_type imported
INFO:TclTasksC:2116 - The automatic calculation of top has been turned-off.
   Please set the new top explicitly by running the "project set top" command.
   To re-calculate the new top automatically, set the "Auto Implementation Top"
   property to true.
Top level has been set to "/DCM_GMII"
Generating README file...
Generating FLIST file...
INFO:sim:948 - Finished FLIST file generation.
Moving files to output directory...
Finished moving files to output directory
Wrote CGP file for project 'DCM_GMII'.
